<?xml version="1.0" encoding="UTF-8"?>
<!-- Generated by org.testng.reporters.JUnitReportReporter -->
<testsuite hostname="DESKTOP-SSTGA1B" failures="0" tests="1" name="ExtentReportsBasics.ExtentReports2" time="0.770" errors="0" timestamp="2023-03-08T08:54:35 IST" skipped="0">
  <testcase classname="ExtentReportsBasics.ExtentReports2" name="testB" time="0.770"/>
  <system-out/>
</testsuite> <!-- ExtentReportsBasics.ExtentReports2 -->
