<?xml version="1.0" encoding="UTF-8"?>
<!-- Generated by org.testng.reporters.JUnitReportReporter -->
<testsuite hostname="DESKTOP-SSTGA1B" failures="0" tests="1" name="Log4jBasics.Log4jBasics1" time="0.238" errors="0" timestamp="2023-03-09T09:08:16 IST" skipped="0">
  <testcase classname="Log4jBasics.Log4jBasics1" name="LoginTC1" time="0.238"/>
  <system-out>
1.Open chrome browser 2.Enter user name 3.Enter pwd 4.click login button 5.Verify Home page is dispalyed  </system-out>
</testsuite> <!-- Log4jBasics.Log4jBasics1 -->
