<?xml version="1.0" encoding="UTF-8"?>
<!-- Generated by org.testng.reporters.JUnitReportReporter -->
<testsuite hostname="DESKTOP-SSTGA1B" failures="0" tests="1" name="ExtentReportsBasics.ExtentReportsNew1" time="0.012" errors="0" timestamp="2023-03-08T09:04:06 IST" skipped="0">
  <testcase classname="ExtentReportsBasics.ExtentReportsNew1" name="testA" time="0.012"/>
  <system-out/>
</testsuite> <!-- ExtentReportsBasics.ExtentReportsNew1 -->
