<?xml version="1.0" encoding="UTF-8"?>
<!-- Generated by org.testng.reporters.JUnitReportReporter -->
<testsuite hostname="DESKTOP-SSTGA1B" failures="0" tests="1" name="ExtentReportsBasics.ExtentReports1" time="0.891" errors="0" timestamp="2023-03-22T18:28:08 IST" skipped="0">
  <testcase classname="ExtentReportsBasics.ExtentReports1" name="testA" time="0.891"/>
  <system-out/>
</testsuite> <!-- ExtentReportsBasics.ExtentReports1 -->
