<?xml version="1.0" encoding="UTF-8"?>
<!-- Generated by org.testng.reporters.JUnitReportReporter -->
<testsuite hostname="DESKTOP-SSTGA1B" failures="0" tests="2" name="TestNGBasics.TestAnnonation1" time="0.039" errors="0" timestamp="2023-03-20T09:39:09 IST" skipped="0">
  <testcase classname="TestNGBasics.TestAnnonation1" name="testA2" time="0.005"/>
  <system-out/>
  <testcase classname="TestNGBasics.TestAnnonation1" name="testA" time="0.034"/>
  <system-out/>
</testsuite> <!-- TestNGBasics.TestAnnonation1 -->
