<?xml version="1.0" encoding="UTF-8"?>
<!-- Generated by org.testng.reporters.JUnitReportReporter -->
<testsuite hostname="DESKTOP-SSTGA1B" failures="0" tests="1" name="Log4jBasics.OptimisedLog4jBasics3" time="0.004" errors="0" timestamp="2023-03-09T09:30:48 IST" skipped="0">
  <testcase classname="Log4jBasics.OptimisedLog4jBasics3" name="searchForProduct" time="0.004"/>
  <system-out/>
</testsuite> <!-- Log4jBasics.OptimisedLog4jBasics3 -->
