<?xml version="1.0" encoding="UTF-8"?>
<!-- Generated by org.testng.reporters.JUnitReportReporter -->
<testsuite hostname="DESKTOP-SSTGA1B" failures="0" tests="1" name="TestNGBasics.TestAnnonation2" time="0.017" errors="0" timestamp="2023-03-20T09:39:09 IST" skipped="0">
  <testcase classname="TestNGBasics.TestAnnonation2" name="testB" time="0.017"/>
  <system-out/>
</testsuite> <!-- TestNGBasics.TestAnnonation2 -->
