<?xml version="1.0" encoding="UTF-8"?>
<!-- Generated by org.testng.reporters.JUnitReportReporter -->
<testsuite hostname="DESKTOP-SSTGA1B" failures="0" tests="1" name="Log4jBasics.OptimisedLog4jBasics2" time="0.005" errors="0" timestamp="2023-03-09T09:30:48 IST" skipped="0">
  <testcase classname="Log4jBasics.OptimisedLog4jBasics2" name="CreateOrder" time="0.005"/>
  <system-out/>
</testsuite> <!-- Log4jBasics.OptimisedLog4jBasics2 -->
