<?xml version="1.0" encoding="UTF-8"?>
<!-- Generated by org.testng.reporters.JUnitReportReporter -->
<testsuite hostname="DESKTOP-SSTGA1B" failures="0" tests="1" name="Log4jBasics.Log4jBasics2" time="0.428" errors="0" timestamp="2023-03-09T09:08:38 IST" skipped="0">
  <testcase classname="Log4jBasics.Log4jBasics2" name="CreateOrder" time="0.428"/>
  <system-out/>
</testsuite> <!-- Log4jBasics.Log4jBasics2 -->
