<?xml version="1.0" encoding="UTF-8"?>
<!-- Generated by org.testng.reporters.JUnitReportReporter -->
<testsuite hostname="DESKTOP-SSTGA1B" failures="0" tests="1" name="ExtentReportsBasics.OptimisedExtentReport1" time="0.014" errors="0" timestamp="2023-03-08T09:51:40 IST" skipped="0">
  <testcase classname="ExtentReportsBasics.OptimisedExtentReport1" name="loginTC1" time="0.014"/>
  <system-out/>
</testsuite> <!-- ExtentReportsBasics.OptimisedExtentReport1 -->
