<?xml version="1.0" encoding="UTF-8"?>
<!-- Generated by org.testng.reporters.JUnitReportReporter -->
<testsuite hostname="DESKTOP-SSTGA1B" failures="0" tests="2" name="TestNGReportsBasics.ReporterBasics" time="0.016" errors="0" timestamp="2023-03-20T09:42:12 IST" skipped="0">
  <testcase classname="TestNGReportsBasics.ReporterBasics" name="testA" time="0.007"/>
  <system-out>
Enter user name Enter pwd Click login btn  </system-out>
  <testcase classname="TestNGReportsBasics.ReporterBasics" name="CreateOrder" time="0.009"/>
  <system-out>
Enter product name Enter qty Enter address Payment throuh credit cars  </system-out>
</testsuite> <!-- TestNGReportsBasics.ReporterBasics -->
