<?xml version="1.0" encoding="UTF-8"?>
<!-- Generated by org.testng.reporters.JUnitReportReporter -->
<testsuite hostname="DESKTOP-SSTGA1B" failures="0" tests="1" name="OrangeHRMSTestCases.HomePageNavigationsTc02" time="12.826" errors="0" timestamp="2023-03-23T08:47:33 IST" skipped="0">
  <testcase classname="OrangeHRMSTestCases.HomePageNavigationsTc02" name="loginTC01" time="12.826"/>
  <system-out/>
</testsuite> <!-- OrangeHRMSTestCases.HomePageNavigationsTc02 -->
